TN:
SF:lib/config/fields.js
FNF:0
FNH:0
BRDA:1,0,0,5
BRF:1
BRH:1
DA:1,5
DA:2,5
DA:3,5
DA:4,5
DA:5,5
DA:6,5
DA:7,5
DA:8,5
DA:9,5
DA:10,5
DA:11,5
LH:11
LF:11
end_of_record
SF:lib/config/index.js
FN:12,setBooleanValue
FN:27,validateConfig
FNDA:63,setBooleanValue
FNDA:50,validateConfig
FNF:2
FNH:2
BRDA:1,0,0,5
BRDA:12,1,0,63
BRDA:14,2,0,10
BRDA:14,3,0,8
BRDA:16,4,0,9
BRDA:17,5,0,6
BRDA:17,6,0,6
BRDA:20,7,0,5
BRDA:21,8,0,2
BRDA:16,9,0,1
BRDA:13,10,0,1
BRDA:23,11,0,1
BRDA:27,12,0,50
BRDA:29,13,0,1
BRDA:35,14,0,6
BRDA:35,15,0,27
BRDA:36,16,0,1
BRDA:36,17,0,1
BRF:18
BRH:18
DA:1,5
DA:2,5
DA:3,5
DA:4,5
DA:5,5
DA:6,5
DA:7,5
DA:8,5
DA:9,5
DA:10,5
DA:11,5
DA:12,5
DA:13,63
DA:14,1
DA:15,1
DA:16,1
DA:17,1
DA:18,1
DA:19,1
DA:20,1
DA:21,63
DA:22,2
DA:23,2
DA:24,1
DA:25,5
DA:26,5
DA:27,5
DA:28,50
DA:29,50
DA:30,1
DA:31,1
DA:32,1
DA:33,1
DA:34,1
DA:35,50
DA:36,27
DA:37,1
DA:38,1
DA:39,27
DA:40,27
DA:41,50
DA:42,50
DA:43,5
DA:44,5
DA:45,5
DA:46,5
DA:47,5
DA:48,5
DA:49,5
DA:50,5
LH:50
LF:50
end_of_record
SF:lib/config/levels.js
FNF:0
FNH:0
BRDA:1,0,0,5
BRF:1
BRH:1
DA:1,5
DA:2,5
DA:3,5
DA:4,5
DA:5,5
DA:6,5
DA:7,5
DA:8,5
DA:9,5
DA:10,5
DA:11,5
DA:12,5
DA:13,5
DA:14,5
DA:15,5
DA:16,5
DA:17,5
DA:18,5
DA:19,5
DA:20,5
DA:21,5
DA:22,5
DA:23,5
DA:24,5
DA:25,5
DA:26,5
DA:27,5
DA:28,5
DA:29,5
DA:30,5
DA:31,5
DA:32,5
DA:33,5
DA:34,5
DA:35,5
DA:36,5
DA:37,5
DA:38,5
DA:39,5
DA:40,5
DA:41,5
DA:42,5
DA:43,5
DA:44,5
DA:45,5
DA:46,5
DA:47,5
DA:48,5
DA:49,5
DA:50,5
DA:51,5
DA:52,5
DA:53,5
DA:54,5
DA:55,5
DA:56,5
DA:57,5
DA:58,5
DA:59,5
LH:59
LF:59
end_of_record
SF:lib/helpers/formatter.js
FN:5,getCircularReplacer
FN:7,anonymous_1
FN:21,json
FN:22,anonymous_3
FN:69,log
FN:73,silent
FN:77,text
FNDA:14,getCircularReplacer
FNDA:79,anonymous_1
FNDA:58,json
FNDA:63,anonymous_3
FNDA:9,log
FNDA:1,silent
FNDA:6,text
FNF:7
FNH:7
BRDA:1,0,0,4
BRDA:5,1,0,14
BRDA:7,2,0,79
BRDA:8,3,0,27
BRDA:8,4,0,27
BRDA:9,5,0,1
BRDA:11,6,0,26
BRDA:12,7,0,1
BRDA:14,8,0,25
BRDA:16,9,0,77
BRDA:21,10,0,58
BRDA:22,11,0,63
BRDA:24,12,0,16
BRDA:24,13,0,16
BRDA:27,14,0,2
BRDA:28,15,0,1
BRDA:34,16,0,13
BRDA:34,17,0,2
BRDA:34,18,0,11
BRDA:37,19,0,2
BRDA:37,20,0,1
BRDA:37,21,0,1
BRDA:40,22,0,12
BRDA:43,23,0,2
BRDA:47,24,0,5
BRDA:50,25,0,41
BRDA:51,26,0,38
BRDA:53,27,0,3
BRDA:69,28,0,9
BRDA:73,29,0,1
BRDA:77,30,0,6
BRF:31
BRH:31
DA:1,4
DA:2,4
DA:3,4
DA:4,4
DA:5,4
DA:6,14
DA:7,14
DA:8,79
DA:9,27
DA:10,1
DA:11,1
DA:12,27
DA:13,1
DA:14,1
DA:15,25
DA:16,25
DA:17,77
DA:18,14
DA:19,4
DA:20,4
DA:21,58
DA:22,58
DA:23,63
DA:24,63
DA:25,16
DA:26,16
DA:27,16
DA:28,2
DA:29,1
DA:30,1
DA:31,1
DA:32,1
DA:33,2
DA:34,16
DA:35,11
DA:36,11
DA:37,16
DA:38,1
DA:39,1
DA:40,16
DA:41,12
DA:42,12
DA:43,16
DA:44,2
DA:45,2
DA:46,16
DA:47,16
DA:48,5
DA:49,5
DA:50,63
DA:51,41
DA:52,38
DA:53,41
DA:54,3
DA:55,3
DA:56,41
DA:57,41
DA:58,63
DA:59,58
DA:60,58
DA:61,58
DA:62,58
DA:63,58
DA:64,58
DA:65,58
DA:66,58
DA:67,58
DA:68,4
DA:69,9
DA:70,9
DA:71,9
DA:72,4
DA:73,1
DA:74,1
DA:75,1
DA:76,4
DA:77,6
DA:78,6
DA:79,6
DA:80,6
DA:81,6
DA:82,4
DA:83,4
DA:84,4
DA:85,4
DA:86,4
DA:87,4
DA:88,4
LH:88
LF:88
end_of_record
SF:lib/helpers/pick.js
FN:1,pick
FN:9,unpick
FN:1,anonymous_2
FN:9,anonymous_3
FNDA:66,pick
FNDA:16,unpick
FNDA:230,anonymous_2
FNDA:128,anonymous_3
FNF:4
FNH:4
BRDA:1,0,0,5
BRDA:1,1,0,66
BRDA:9,2,0,16
BRDA:1,3,0,230
BRDA:3,4,0,114
BRDA:9,5,0,128
BRDA:11,6,0,25
BRF:7
BRH:7
DA:1,5
DA:2,230
DA:3,230
DA:4,114
DA:5,114
DA:6,230
DA:7,5
DA:8,5
DA:9,5
DA:10,128
DA:11,128
DA:12,25
DA:13,25
DA:14,128
DA:15,5
DA:16,5
DA:17,5
DA:18,5
DA:19,5
DA:20,5
LH:20
LF:20
end_of_record
SF:lib/helpers/uuid.js
FN:3,uuidv4js
FN:12,uuidV4
FN:5,anonymous_2
FNDA:1,uuidv4js
FNDA:10,uuidV4
FNDA:31,anonymous_2
FNF:3
FNH:3
BRDA:1,0,0,5
BRDA:3,1,0,1
BRDA:12,2,0,10
BRDA:14,3,0,1
BRDA:5,4,0,31
BRDA:7,5,0,30
BRDA:7,6,0,1
BRF:7
BRH:7
DA:1,5
DA:2,5
DA:3,1
DA:4,1
DA:5,1
DA:6,31
DA:7,31
DA:8,31
DA:9,1
DA:10,1
DA:11,5
DA:12,10
DA:13,10
DA:14,10
DA:15,1
DA:16,10
DA:17,5
DA:18,5
DA:19,5
DA:20,5
LH:20
LF:20
end_of_record
SF:lib/index.js
FN:5,module.exports
FN:14,anonymous_1
FN:20,apply
FN:29,get
FN:43,consoleInstance.reset
FN:45,anonymous_5
FNDA:50,module.exports
FNDA:250,anonymous_1
FNDA:65,apply
FNDA:7,get
FNDA:45,consoleInstance.reset
FNDA:225,anonymous_5
FNF:6
FNH:6
BRDA:1,0,0,4
BRDA:5,1,0,50
BRDA:8,2,0,40
BRDA:8,3,0,39
BRDA:14,4,0,250
BRDA:36,5,0,20
BRDA:20,6,0,65
BRDA:24,7,0,1
BRDA:24,8,0,56
BRDA:25,9,0,10
BRDA:25,10,0,46
BRDA:29,11,0,7
BRDA:30,12,0,6
BRDA:32,13,0,1
BRDA:43,14,0,45
BRDA:45,15,0,225
BRF:16
BRH:16
DA:1,4
DA:2,4
DA:3,4
DA:4,4
DA:5,4
DA:6,50
DA:7,50
DA:8,50
DA:9,39
DA:10,39
DA:11,39
DA:12,50
DA:13,50
DA:14,50
DA:15,250
DA:16,250
DA:17,250
DA:18,250
DA:19,250
DA:20,250
DA:21,65
DA:22,65
DA:23,65
DA:24,65
DA:25,65
DA:26,46
DA:27,46
DA:28,250
DA:29,250
DA:30,7
DA:31,6
DA:32,6
DA:33,1
DA:34,250
DA:35,250
DA:36,250
DA:37,20
DA:38,20
DA:39,250
DA:40,50
DA:41,50
DA:42,50
DA:43,50
DA:44,45
DA:45,45
DA:46,225
DA:47,225
DA:48,45
DA:49,45
DA:50,50
DA:51,50
DA:52,4
LH:52
LF:52
end_of_record
